============================================================
  Generated by:           Genus(TM) Synthesis Solution 19.13-s073_1
  Generated on:           Mar 25 2023  01:38:17 pm
  Module:                 bound_flasher
  Technology libraries:   slow_1v0 
                          pll 0.0
                          CDK_S128x16 0.0
                          CDK_S256x16 0.0
                          CDK_R512x16 0.0
                          physical_cells 
  Operating conditions:   slow 
  Interconnect mode:      global
  Area mode:              physical library
============================================================

Timing
--------

Clock Period 
-------------
clk    620.0 


  Cost    Critical         Violating 
 Group   Path Slack  TNS     Paths   
-------------------------------------
clk             0.1   0.0          0 
default    No paths   0.0            
-------------------------------------
Total                 0.0          0 

Instance Count
--------------
Leaf Instance Count             132 
Physical Instance count           0 
Sequential Instance Count        35 
Combinational Instance Count     97 
Hierarchical Instance Count       0 

Area
----
Cell Area                          551.116
Physical Cell Area                 0.000
Total Cell Area (Cell+Physical)    551.116
Net Area                           148.816
Total Area (Cell+Physical+Net)     699.932

Runtime                            0.0 seconds
Elapsed Runtime                    29 seconds
Genus peak memory usage            1057.17 
Innovus peak memory usage          no_value 
Hostname                           localhost
